[17:22:00] [main/INFO] (FabricLoader/GameProvider) Loading Minecraft 1.19.2 with Fabric Loader 0.14.9
[17:22:00] [ForkJoinPool-1-worker-1/WARN] (FabricLoader/Metadata) The mod "testmod" contains invalid entries in its mod json:
- Unsupported root entry "accesswidener" at line 41 column 18
[17:22:00] [ForkJoinPool-1-worker-1/WARN] (FabricLoader/Metadata) Mod testmod uses the version ${version} which isn't compatible with Loader's extended semantic version format (Could not parse version number component '${version}'!), SemVer is recommended for reliably evaluating dependencies and prioritizing newer version
[17:22:00] [main/INFO] (FabricLoader) Loading 44 mods:
	- fabric-api 0.62.0+1.19.2
	- fabric-api-base 0.4.12+93d8cb8290
	- fabric-api-lookup-api-v1 1.6.10+93d8cb8290
	- fabric-biome-api-v1 9.0.18+c6af733c90
	- fabric-blockrenderlayer-v1 1.1.21+c6af733c90
	- fabric-client-tags-api-v1 1.0.2+b35fea8390
	- fabric-command-api-v2 2.1.8+93d8cb8290
	- fabric-content-registries-v0 3.3.1+624e468e90
	- fabric-convention-tags-v1 1.1.2+93d8cb8290
	- fabric-crash-report-info-v1 0.2.6+aeb40ebe90
	- fabric-data-generation-api-v1 5.2.0+b598f4ac90
	- fabric-dimensions-v1 2.1.32+0dd10df690
	- fabric-entity-events-v1 1.4.19+9ff28f4090
	- fabric-events-interaction-v0 0.4.29+c6af733c90
	- fabric-game-rule-api-v1 1.0.22+c6af733c90
	- fabric-gametest-api-v1 1.0.36+e62f51a390
	- fabric-item-api-v1 1.5.8+93d8cb8290
	- fabric-item-groups-v0 0.3.30+93d8cb8290
	- fabric-key-binding-api-v1 1.0.21+93d8cb8290
	- fabric-lifecycle-events-v1 2.2.0+33ffe9ec90
	- fabric-loot-api-v2 1.1.4+83a8659290
	- fabric-message-api-v1 5.0.4+93d8cb8290
	- fabric-mining-level-api-v1 2.1.15+33fbc73890
	- fabric-models-v0 0.3.18+c6af733c90
	- fabric-networking-api-v1 1.2.5+c6af733c90
	- fabric-object-builder-api-v1 4.0.12+93d8cb8290
	- fabric-particles-v1 1.0.11+79adfe0a90
	- fabric-registry-sync-v0 0.9.26+c6af733c90
	- fabric-renderer-api-v1 1.0.11+c6af733c90
	- fabric-renderer-indigo 0.6.13+aeb40ebe90
	- fabric-rendering-data-attachment-v1 0.3.15+aeb40ebe90
	- fabric-rendering-fluids-v1 3.0.8+c6af733c90
	- fabric-rendering-v1 1.11.0+73145abb90
	- fabric-resource-conditions-api-v1 2.0.12+a29562c890
	- fabric-resource-loader-v0 0.7.0+93d8cb8290
	- fabric-screen-api-v1 1.0.27+93d8cb8290
	- fabric-screen-handler-api-v1 1.3.1+1cc24b1b90
	- fabric-textures-v0 1.0.21+aeb40ebe90
	- fabric-transfer-api-v1 2.1.1+93d8cb8290
	- fabric-transitive-access-wideners-v1 1.3.1+42d99c3290
	- fabricloader 0.14.9
	- java 17
	- minecraft 1.19.2
	- testmod ${version}
[17:22:00] [main/INFO] (FabricLoader/Mixin) SpongePowered MIXIN Subsystem Version=0.8.5 Source=file:/home/miguel/.gradle/caches/modules-2/files-2.1/net.fabricmc/sponge-mixin/0.11.4+mixin.0.8.5/c1dc27696aa4006e492c2485c9ccbcb26045a971/sponge-mixin-0.11.4+mixin.0.8.5.jar Service=Knot/Fabric Env=CLIENT
[17:22:01] [main/INFO] (FabricLoader/Mixin) Loaded Fabric development mappings for mixin remapper!
[17:22:01] [main/INFO] (FabricLoader/Mixin) Compatibility level set to JAVA_17
[17:22:01] [main/WARN] (FileUtil) Configuration conflict: there is more than one oshi.properties file on the classpath
[17:22:01] [main/WARN] (FileUtil) Configuration conflict: there is more than one oshi.architecture.properties file on the classpath
[17:22:03] [main/INFO] (Minecraft) Building optimized datafixer
[17:22:06] [Render thread/INFO] (Minecraft) Environment: authHost='https://authserver.mojang.com', accountsHost='https://api.mojang.com', sessionHost='https://sessionserver.mojang.com', servicesHost='https://api.minecraftservices.com', name='PROD'
[17:22:07] [Render thread/ERROR] (fabric-screen-api-v1) Failed to verify authentication
com.mojang.authlib.exceptions.InvalidCredentialsException: Status: 401
	at com.mojang.authlib.exceptions.MinecraftClientHttpException.toAuthenticationException(MinecraftClientHttpException.java:56) ~[authlib-3.11.49.jar:?]
	at com.mojang.authlib.yggdrasil.YggdrasilUserApiService.fetchProperties(YggdrasilUserApiService.java:155) ~[authlib-3.11.49.jar:?]
	at com.mojang.authlib.yggdrasil.YggdrasilUserApiService.<init>(YggdrasilUserApiService.java:55) ~[authlib-3.11.49.jar:?]
	at com.mojang.authlib.yggdrasil.YggdrasilAuthenticationService.createUserApiService(YggdrasilAuthenticationService.java:161) ~[authlib-3.11.49.jar:?]
	at net.minecraft.client.MinecraftClient.createUserApiService(MinecraftClient.java:711) [minecraft-project-@-merged-named.jar:?]
	at net.minecraft.client.MinecraftClient.<init>(MinecraftClient.java:431) [minecraft-project-@-merged-named.jar:?]
	at net.minecraft.client.main.Main.main(Main.java:205) [minecraft-project-@-merged-named.jar:?]
	at net.minecraft.client.main.Main.main(Main.java:51) [minecraft-project-@-merged-named.jar:?]
	at net.fabricmc.loader.impl.game.minecraft.MinecraftGameProvider.launch(MinecraftGameProvider.java:461) [fabric-loader-0.14.9.jar:?]
	at net.fabricmc.loader.impl.launch.knot.Knot.launch(Knot.java:74) [fabric-loader-0.14.9.jar:?]
	at net.fabricmc.loader.impl.launch.knot.KnotClient.main(KnotClient.java:23) [fabric-loader-0.14.9.jar:?]
	at net.fabricmc.devlaunchinjector.Main.main(Main.java:86) [dev-launch-injector-0.2.1+build.8.jar:?]
Caused by: com.mojang.authlib.exceptions.MinecraftClientHttpException: Status: 401
	at com.mojang.authlib.minecraft.client.MinecraftClient.readInputStream(MinecraftClient.java:85) ~[authlib-3.11.49.jar:?]
	at com.mojang.authlib.minecraft.client.MinecraftClient.get(MinecraftClient.java:48) ~[authlib-3.11.49.jar:?]
	at com.mojang.authlib.yggdrasil.YggdrasilUserApiService.fetchProperties(YggdrasilUserApiService.java:129) ~[authlib-3.11.49.jar:?]
	... 10 more
[17:22:07] [Render thread/INFO] (fabric-screen-api-v1) Setting user: Player255
[17:22:07] [Render thread/INFO] (testmod) testmod started
[17:22:07] [Render thread/INFO] (Indigo) [Indigo] Registering Indigo renderer!
[17:22:07] [Render thread/INFO] (fabric-screen-api-v1) Backend library: LWJGL version 3.3.1 SNAPSHOT
[17:22:09] [Worker-Main-17/ERROR] (Minecraft) Failed to retrieve profile key pair
java.io.IOException: Could not retrieve profile key pair
	at net.minecraft.client.util.ProfileKeys.fetchKeyPair(ProfileKeys.java:130) ~[minecraft-project-@-merged-named.jar:?]
	at net.minecraft.client.util.ProfileKeys.method_44291(ProfileKeys.java:69) ~[minecraft-project-@-merged-named.jar:?]
	at java.util.concurrent.CompletableFuture$AsyncSupply.run(Unknown Source) [?:?]
	at java.util.concurrent.CompletableFuture$AsyncSupply.exec(Unknown Source) [?:?]
	at java.util.concurrent.ForkJoinTask.doExec(Unknown Source) [?:?]
	at java.util.concurrent.ForkJoinPool$WorkQueue.topLevelExec(Unknown Source) [?:?]
	at java.util.concurrent.ForkJoinPool.scan(Unknown Source) [?:?]
	at java.util.concurrent.ForkJoinPool.runWorker(Unknown Source) [?:?]
	at java.util.concurrent.ForkJoinWorkerThread.run(Unknown Source) [?:?]
[17:22:09] [Render thread/WARN] (Minecraft) ERROR : Couldn't load Narrator library
java.lang.UnsatisfiedLinkError: libflite.so.1: cannot open shared object file: No such file or directory
	at com.sun.jna.Native.open(Native Method) ~[jna-5.10.0.jar:?]
	at com.sun.jna.NativeLibrary.loadLibrary(NativeLibrary.java:277) ~[jna-5.10.0.jar:?]
	at com.sun.jna.NativeLibrary.getInstance(NativeLibrary.java:461) ~[jna-5.10.0.jar:?]
	at com.sun.jna.NativeLibrary.getInstance(NativeLibrary.java:403) ~[jna-5.10.0.jar:?]
	at com.mojang.text2speech.NarratorLinux.<clinit>(NarratorLinux.java:18) [text2speech-1.13.9.jar:?]
	at com.mojang.text2speech.Narrator.getNarrator(Narrator.java:21) [text2speech-1.13.9.jar:?]
	at net.minecraft.client.util.NarratorManager.<init>(NarratorManager.java:19) [minecraft-project-@-merged-named.jar:?]
	at net.minecraft.client.MinecraftClient.<init>(MinecraftClient.java:637) [minecraft-project-@-merged-named.jar:?]
	at net.minecraft.client.main.Main.main(Main.java:205) [minecraft-project-@-merged-named.jar:?]
	at net.minecraft.client.main.Main.main(Main.java:51) [minecraft-project-@-merged-named.jar:?]
	at net.fabricmc.loader.impl.game.minecraft.MinecraftGameProvider.launch(MinecraftGameProvider.java:461) [fabric-loader-0.14.9.jar:?]
	at net.fabricmc.loader.impl.launch.knot.Knot.launch(Knot.java:74) [fabric-loader-0.14.9.jar:?]
	at net.fabricmc.loader.impl.launch.knot.KnotClient.main(KnotClient.java:23) [fabric-loader-0.14.9.jar:?]
	at net.fabricmc.devlaunchinjector.Main.main(Main.java:86) [dev-launch-injector-0.2.1+build.8.jar:?]
[17:22:09] [Render thread/INFO] (Minecraft) Reloading ResourceManager: Default, Fabric Mods (Test Mod, Fabric Networking API (v1), Fabric API, Fabric Object Builder API (v1), Fabric Registry Sync (v0), Fabric Loot API (v2), Fabric Rendering Fluids (v1), Fabric Key Binding API (v1), Fabric Screen Handler API (v1), Fabric Models (v0), Fabric Content Registries (v0), Fabric Biome API (v1), Fabric Entity Events (v1), Fabric Screen API (v1), Fabric Textures (v0), Fabric Resource Conditions API (v1), Fabric Rendering Data Attachment (v1), Fabric Lifecycle Events (v1), Fabric Events Interaction (v0), Fabric Data Generation API (v1), Fabric Game Rule API (v1), Fabric Item Groups (v0), Fabric API Base, Fabric Convention Tags, Fabric Client Tags, Fabric Transfer API (v1), Fabric Game Test API (v1), Fabric Item API (v1), Fabric Loader, Fabric BlockRenderLayer Registration (v1), Fabric Message API (v1), Fabric API Lookup API (v1), Fabric Dimensions API (v1), Fabric Transitive Access Wideners (v1), Fabric Crash Report Info (v1), Fabric Particles (v1), Fabric Renderer - Indigo, Fabric Resource Loader (v0), Fabric Command API (v2), Fabric Renderer API (v1), Fabric Mining Level API (v1), Fabric Rendering (v1))
[17:22:09] [Render thread/INFO] (testmod) testmod mixin started
[17:22:09] [Render thread/INFO] (testmod) testmod mixin started
[17:22:09] [Render thread/INFO] (testmod) testmod mixin started
[17:22:10] [Realms Notification Availability checker #1/INFO] (Minecraft) Could not authorize you against Realms server: Invalid session id
[17:22:11] [Worker-Main-17/WARN] (Minecraft) Exception loading blockstate definition: 'testmod:blockstates/test_furnace.json' missing model for variant: 'testmod:test_furnace#facing=south,lit=false'
[17:22:11] [Worker-Main-17/WARN] (Minecraft) Exception loading blockstate definition: 'testmod:blockstates/test_furnace.json' missing model for variant: 'testmod:test_furnace#facing=west,lit=false'
[17:22:11] [Worker-Main-17/WARN] (Minecraft) Exception loading blockstate definition: 'testmod:blockstates/test_furnace.json' missing model for variant: 'testmod:test_furnace#facing=east,lit=true'
[17:22:11] [Worker-Main-17/WARN] (Minecraft) Exception loading blockstate definition: 'testmod:blockstates/test_furnace.json' missing model for variant: 'testmod:test_furnace#facing=east,lit=false'
[17:22:11] [Worker-Main-17/WARN] (Minecraft) Exception loading blockstate definition: 'testmod:blockstates/test_furnace.json' missing model for variant: 'testmod:test_furnace#facing=south,lit=true'
[17:22:11] [Worker-Main-17/WARN] (Minecraft) Exception loading blockstate definition: 'testmod:blockstates/test_furnace.json' missing model for variant: 'testmod:test_furnace#facing=north,lit=true'
[17:22:11] [Worker-Main-17/WARN] (Minecraft) Exception loading blockstate definition: 'testmod:blockstates/test_furnace.json' missing model for variant: 'testmod:test_furnace#facing=north,lit=false'
[17:22:11] [Worker-Main-17/WARN] (Minecraft) Exception loading blockstate definition: 'testmod:blockstates/test_furnace.json' missing model for variant: 'testmod:test_furnace#facing=west,lit=true'
[17:22:11] [Worker-Main-17/WARN] (Minecraft) Unable to load model: 'testmod:steel_ingot#inventory' referenced from: testmod:steel_ingot#inventory: java.io.FileNotFoundException: testmod:models/item/steel_ingot.json
[17:22:11] [Worker-Main-17/WARN] (Minecraft) Unable to load model: 'testmod:test_furnace#inventory' referenced from: testmod:test_furnace#inventory: java.io.FileNotFoundException: testmod:models/item/test_furnace.json
[17:22:12] [Render thread/WARN] (Minecraft) Missing sound for event: minecraft:item.goat_horn.play
[17:22:12] [Render thread/WARN] (Minecraft) Missing sound for event: minecraft:entity.goat.screaming.horn_break
[17:22:12] [Render thread/INFO] (Minecraft) OpenAL initialized on device TU106 High Definition Audio Controller Digital Stereo (HDMI)
[17:22:12] [Render thread/INFO] (Minecraft) Sound engine started
[17:22:12] [Render thread/INFO] (Minecraft) Created: 1024x1024x4 minecraft:textures/atlas/blocks.png-atlas
[17:22:12] [Render thread/INFO] (Minecraft) Created: 256x128x4 minecraft:textures/atlas/signs.png-atlas
[17:22:12] [Render thread/INFO] (Minecraft) Created: 1024x512x4 minecraft:textures/atlas/banner_patterns.png-atlas
[17:22:12] [Render thread/INFO] (Minecraft) Created: 1024x512x4 minecraft:textures/atlas/shield_patterns.png-atlas
[17:22:12] [Render thread/INFO] (Minecraft) Created: 256x256x4 minecraft:textures/atlas/chest.png-atlas
[17:22:12] [Render thread/INFO] (Minecraft) Created: 512x256x4 minecraft:textures/atlas/beds.png-atlas
[17:22:12] [Render thread/INFO] (Minecraft) Created: 512x256x4 minecraft:textures/atlas/shulker_boxes.png-atlas
[17:22:13] [Render thread/WARN] (Minecraft) Shader rendertype_entity_translucent_emissive could not find sampler named Sampler2 in the specified shader program.
[17:22:13] [Render thread/INFO] (Minecraft) Created: 512x256x0 minecraft:textures/atlas/particles.png-atlas
[17:22:13] [Render thread/INFO] (Minecraft) Created: 256x256x0 minecraft:textures/atlas/paintings.png-atlas
[17:22:13] [Render thread/INFO] (Minecraft) Created: 256x128x0 minecraft:textures/atlas/mob_effects.png-atlas
[17:22:13] [Render thread/INFO] (testmod) testmod mixin started
[17:22:24] [Worker-Bootstrap-6/INFO] (Minecraft) 4283 Datafixer optimizations took 20980 milliseconds
[17:22:25] [Render thread/ERROR] (Minecraft) Parsing error loading recipe testmod:steel_ingot
com.google.gson.JsonSyntaxException: Expected experience to be a Float, was "1"
	at net.minecraft.util.JsonHelper.asFloat(JsonHelper.java:213) ~[minecraft-project-@-merged-named.jar:?]
	at net.minecraft.util.JsonHelper.getFloat(JsonHelper.java:227) ~[minecraft-project-@-merged-named.jar:?]
	at net.minecraft.recipe.CookingRecipeSerializer.read(CookingRecipeSerializer.java:34) ~[minecraft-project-@-merged-named.jar:?]
	at net.minecraft.recipe.CookingRecipeSerializer.read(CookingRecipeSerializer.java:11) ~[minecraft-project-@-merged-named.jar:?]
	at net.minecraft.recipe.RecipeManager.deserialize(RecipeManager.java:135) ~[minecraft-project-@-merged-named.jar:?]
	at net.minecraft.recipe.RecipeManager.apply(RecipeManager.java:56) ~[minecraft-project-@-merged-named.jar:?]
	at net.minecraft.recipe.RecipeManager.apply(RecipeManager.java:35) ~[minecraft-project-@-merged-named.jar:?]
	at net.minecraft.resource.SinglePreparationResourceReloader.method_18790(SinglePreparationResourceReloader.java:13) ~[minecraft-project-@-merged-named.jar:?]
	at java.util.concurrent.CompletableFuture$UniAccept.tryFire(Unknown Source) ~[?:?]
	at java.util.concurrent.CompletableFuture$Completion.run(Unknown Source) ~[?:?]
	at net.minecraft.resource.SimpleResourceReload.method_18365(SimpleResourceReload.java:69) ~[minecraft-project-@-merged-named.jar:?]
	at net.minecraft.util.thread.ThreadExecutor.executeTask(ThreadExecutor.java:157) ~[minecraft-project-@-merged-named.jar:?]
	at net.minecraft.util.thread.ReentrantThreadExecutor.executeTask(ReentrantThreadExecutor.java:23) ~[minecraft-project-@-merged-named.jar:?]
	at net.minecraft.util.thread.ThreadExecutor.runTask(ThreadExecutor.java:131) ~[minecraft-project-@-merged-named.jar:?]
	at net.minecraft.util.thread.ThreadExecutor.runTasks(ThreadExecutor.java:140) ~[minecraft-project-@-merged-named.jar:?]
	at net.minecraft.server.integrated.IntegratedServerLoader.createSaveLoader(IntegratedServerLoader.java:136) ~[minecraft-project-@-merged-named.jar:?]
	at net.minecraft.server.integrated.IntegratedServerLoader.createSaveLoader(IntegratedServerLoader.java:117) ~[minecraft-project-@-merged-named.jar:?]
	at net.minecraft.server.integrated.IntegratedServerLoader.start(IntegratedServerLoader.java:150) ~[minecraft-project-@-merged-named.jar:?]
	at net.minecraft.server.integrated.IntegratedServerLoader.start(IntegratedServerLoader.java:57) ~[minecraft-project-@-merged-named.jar:?]
	at net.minecraft.client.gui.screen.world.WorldListWidget$WorldEntry.start(WorldListWidget.java:528) ~[minecraft-project-@-merged-named.jar:?]
	at net.minecraft.client.gui.screen.world.WorldListWidget$WorldEntry.play(WorldListWidget.java:436) ~[minecraft-project-@-merged-named.jar:?]
	at net.minecraft.client.gui.screen.world.WorldListWidget$WorldEntry.mouseClicked(WorldListWidget.java:367) ~[minecraft-project-@-merged-named.jar:?]
	at net.minecraft.client.gui.widget.EntryListWidget.mouseClicked(EntryListWidget.java:372) ~[minecraft-project-@-merged-named.jar:?]
	at net.minecraft.client.gui.ParentElement.mouseClicked(ParentElement.java:27) ~[minecraft-project-@-merged-named.jar:?]
	at net.minecraft.client.Mouse.method_1611(Mouse.java:94) ~[minecraft-project-@-merged-named.jar:?]
	at net.minecraft.client.gui.screen.Screen.wrapScreenError(Screen.java:489) ~[minecraft-project-@-merged-named.jar:?]
	at net.minecraft.client.Mouse.onMouseButton(Mouse.java:94) ~[minecraft-project-@-merged-named.jar:?]
	at net.minecraft.client.Mouse.method_22686(Mouse.java:165) ~[minecraft-project-@-merged-named.jar:?]
	at net.minecraft.util.thread.ThreadExecutor.execute(ThreadExecutor.java:103) ~[minecraft-project-@-merged-named.jar:?]
	at net.minecraft.client.Mouse.method_22684(Mouse.java:165) ~[minecraft-project-@-merged-named.jar:?]
	at org.lwjgl.glfw.GLFWMouseButtonCallbackI.callback(GLFWMouseButtonCallbackI.java:43) [lwjgl-glfw-3.3.1.jar:?]
	at org.lwjgl.system.JNI.invokeV(Native Method) ~[lwjgl-3.3.1.jar:?]
	at org.lwjgl.glfw.GLFW.glfwWaitEventsTimeout(GLFW.java:3474) [lwjgl-glfw-3.3.1.jar:?]
	at com.mojang.blaze3d.systems.RenderSystem.limitDisplayFPS(RenderSystem.java:222) [minecraft-project-@-merged-named.jar:?]
	at net.minecraft.client.MinecraftClient.render(MinecraftClient.java:1208) [minecraft-project-@-merged-named.jar:?]
	at net.minecraft.client.MinecraftClient.run(MinecraftClient.java:768) [minecraft-project-@-merged-named.jar:?]
	at net.minecraft.client.main.Main.main(Main.java:244) [minecraft-project-@-merged-named.jar:?]
	at net.minecraft.client.main.Main.main(Main.java:51) [minecraft-project-@-merged-named.jar:?]
	at net.fabricmc.loader.impl.game.minecraft.MinecraftGameProvider.launch(MinecraftGameProvider.java:461) [fabric-loader-0.14.9.jar:?]
	at net.fabricmc.loader.impl.launch.knot.Knot.launch(Knot.java:74) [fabric-loader-0.14.9.jar:?]
	at net.fabricmc.loader.impl.launch.knot.KnotClient.main(KnotClient.java:23) [fabric-loader-0.14.9.jar:?]
	at net.fabricmc.devlaunchinjector.Main.main(Main.java:86) [dev-launch-injector-0.2.1+build.8.jar:?]
[17:22:25] [Render thread/INFO] (Minecraft) Loaded 7 recipes
[17:22:25] [Render thread/INFO] (Minecraft) Loaded 1179 advancements
[17:22:26] [Worker-Main-18/ERROR] (Minecraft) Failed to retrieve profile key pair
java.io.IOException: Could not retrieve profile key pair
	at net.minecraft.client.util.ProfileKeys.fetchKeyPair(ProfileKeys.java:130) ~[minecraft-project-@-merged-named.jar:?]
	at net.minecraft.client.util.ProfileKeys.method_44291(ProfileKeys.java:69) ~[minecraft-project-@-merged-named.jar:?]
	at java.util.concurrent.CompletableFuture$AsyncSupply.run(Unknown Source) [?:?]
	at java.util.concurrent.CompletableFuture$AsyncSupply.exec(Unknown Source) [?:?]
	at java.util.concurrent.ForkJoinTask.doExec(Unknown Source) [?:?]
	at java.util.concurrent.ForkJoinPool$WorkQueue.topLevelExec(Unknown Source) [?:?]
	at java.util.concurrent.ForkJoinPool.scan(Unknown Source) [?:?]
	at java.util.concurrent.ForkJoinPool.runWorker(Unknown Source) [?:?]
	at java.util.concurrent.ForkJoinWorkerThread.run(Unknown Source) [?:?]
[17:22:26] [Render thread/INFO] (BiomeModificationImpl) Applied 0 biome modifications to 0 of 63 new biomes in 1.402 ms
[17:22:26] [Server thread/INFO] (Minecraft) Starting integrated minecraft server version 1.19.2
[17:22:26] [Server thread/INFO] (Minecraft) Generating keypair
[17:22:26] [Server thread/INFO] (Minecraft) Preparing start region for dimension minecraft:overworld
[17:22:28] [Render thread/INFO] (Minecraft) Preparing spawn area: 0%
[17:22:28] [Render thread/INFO] (Minecraft) Preparing spawn area: 0%
[17:22:28] [Render thread/INFO] (Minecraft) Preparing spawn area: 0%
[17:22:28] [Render thread/INFO] (Minecraft) Preparing spawn area: 0%
[17:22:28] [Render thread/INFO] (Minecraft) Preparing spawn area: 0%
[17:22:29] [Render thread/INFO] (Minecraft) Preparing spawn area: 5%
[17:22:29] [Render thread/INFO] (Minecraft) Time elapsed: 2960 ms
[17:22:29] [Server thread/INFO] (Minecraft) Changing view distance to 12, from 10
[17:22:29] [Server thread/INFO] (Minecraft) Changing simulation distance to 12, from 0
[17:22:30] [Server thread/INFO] (Minecraft) Player255[local:E:5871bee5] logged in with entity id 169 at (11.446561119371077, 129.0, 23.713561616990823)
[17:22:30] [Server thread/INFO] (Minecraft) Player255 joined the game
[17:22:30] [Render thread/INFO] (Minecraft) Loaded 0 advancements
[17:22:45] [Server thread/INFO] (Minecraft) Player255 has made the advancement [Acquire Hardware]
[17:22:45] [Render thread/INFO] (Minecraft) [System] [CHAT] Player255 has made the advancement [Acquire Hardware]
[17:22:45] [Render thread/INFO] (Minecraft) Loaded 35 advancements
[17:22:49] [Render thread/INFO] (Minecraft) Loaded 37 advancements
[17:23:38] [Server thread/INFO] (Minecraft) [Player255: Set own game mode to Survival Mode]
[17:23:38] [Render thread/INFO] (Minecraft) [System] [CHAT] Set own game mode to Survival Mode
[17:23:54] [Server thread/INFO] (Minecraft) [Player255: Set own game mode to Creative Mode]
[17:23:54] [Render thread/INFO] (Minecraft) [System] [CHAT] Set own game mode to Creative Mode
[17:23:57] [Render thread/INFO] (Minecraft) Loaded 49 advancements
[17:24:02] [Render thread/INFO] (Minecraft) Loaded 51 advancements
[17:24:17] [Server thread/INFO] (Minecraft) Saving and pausing game...
[17:24:17] [Server thread/INFO] (Minecraft) Saving chunks for level 'ServerLevel[test world]'/minecraft:overworld
[17:24:17] [Server thread/INFO] (Minecraft) Saving chunks for level 'ServerLevel[test world]'/minecraft:the_end
[17:24:17] [Server thread/INFO] (Minecraft) Saving chunks for level 'ServerLevel[test world]'/minecraft:the_nether
[17:24:17] [Server thread/INFO] (Minecraft) Player255 lost connection: Disconnected
[17:24:17] [Server thread/INFO] (Minecraft) Player255 left the game
[17:24:17] [Server thread/INFO] (Minecraft) Stopping singleplayer server as player logged out
[17:24:17] [Server thread/INFO] (Minecraft) Stopping server
[17:24:17] [Server thread/INFO] (Minecraft) Saving players
[17:24:17] [Server thread/INFO] (Minecraft) Saving worlds
[17:24:18] [Server thread/INFO] (Minecraft) Saving chunks for level 'ServerLevel[test world]'/minecraft:overworld
[17:24:18] [Server thread/INFO] (Minecraft) Saving chunks for level 'ServerLevel[test world]'/minecraft:the_end
[17:24:18] [Server thread/INFO] (Minecraft) Saving chunks for level 'ServerLevel[test world]'/minecraft:the_nether
[17:24:18] [Server thread/INFO] (Minecraft) ThreadedAnvilChunkStorage (test world): All chunks are saved
[17:24:18] [Server thread/INFO] (Minecraft) ThreadedAnvilChunkStorage (DIM1): All chunks are saved
[17:24:18] [Server thread/INFO] (Minecraft) ThreadedAnvilChunkStorage (DIM-1): All chunks are saved
[17:24:18] [Server thread/INFO] (Minecraft) ThreadedAnvilChunkStorage: All dimensions are saved
[17:24:18] [Render thread/INFO] (testmod) testmod mixin started
[17:24:21] [Render thread/ERROR] (Minecraft) Parsing error loading recipe testmod:steel_ingot
com.google.gson.JsonSyntaxException: Expected experience to be a Float, was "1"
	at net.minecraft.util.JsonHelper.asFloat(JsonHelper.java:213) ~[minecraft-project-@-merged-named.jar:?]
	at net.minecraft.util.JsonHelper.getFloat(JsonHelper.java:227) ~[minecraft-project-@-merged-named.jar:?]
	at net.minecraft.recipe.CookingRecipeSerializer.read(CookingRecipeSerializer.java:34) ~[minecraft-project-@-merged-named.jar:?]
	at net.minecraft.recipe.CookingRecipeSerializer.read(CookingRecipeSerializer.java:11) ~[minecraft-project-@-merged-named.jar:?]
	at net.minecraft.recipe.RecipeManager.deserialize(RecipeManager.java:135) ~[minecraft-project-@-merged-named.jar:?]
	at net.minecraft.recipe.RecipeManager.apply(RecipeManager.java:56) ~[minecraft-project-@-merged-named.jar:?]
	at net.minecraft.recipe.RecipeManager.apply(RecipeManager.java:35) ~[minecraft-project-@-merged-named.jar:?]
	at net.minecraft.resource.SinglePreparationResourceReloader.method_18790(SinglePreparationResourceReloader.java:13) ~[minecraft-project-@-merged-named.jar:?]
	at java.util.concurrent.CompletableFuture$UniAccept.tryFire(Unknown Source) ~[?:?]
	at java.util.concurrent.CompletableFuture$Completion.run(Unknown Source) ~[?:?]
	at net.minecraft.resource.SimpleResourceReload.method_18365(SimpleResourceReload.java:69) ~[minecraft-project-@-merged-named.jar:?]
	at net.minecraft.util.thread.ThreadExecutor.executeTask(ThreadExecutor.java:157) ~[minecraft-project-@-merged-named.jar:?]
	at net.minecraft.util.thread.ReentrantThreadExecutor.executeTask(ReentrantThreadExecutor.java:23) ~[minecraft-project-@-merged-named.jar:?]
	at net.minecraft.util.thread.ThreadExecutor.runTask(ThreadExecutor.java:131) ~[minecraft-project-@-merged-named.jar:?]
	at net.minecraft.util.thread.ThreadExecutor.runTasks(ThreadExecutor.java:140) ~[minecraft-project-@-merged-named.jar:?]
	at net.minecraft.server.integrated.IntegratedServerLoader.createSaveLoader(IntegratedServerLoader.java:136) ~[minecraft-project-@-merged-named.jar:?]
	at net.minecraft.server.integrated.IntegratedServerLoader.createSaveLoader(IntegratedServerLoader.java:117) ~[minecraft-project-@-merged-named.jar:?]
	at net.minecraft.server.integrated.IntegratedServerLoader.start(IntegratedServerLoader.java:150) ~[minecraft-project-@-merged-named.jar:?]
	at net.minecraft.server.integrated.IntegratedServerLoader.start(IntegratedServerLoader.java:57) ~[minecraft-project-@-merged-named.jar:?]
	at net.minecraft.client.gui.screen.world.WorldListWidget$WorldEntry.start(WorldListWidget.java:528) ~[minecraft-project-@-merged-named.jar:?]
	at net.minecraft.client.gui.screen.world.WorldListWidget$WorldEntry.play(WorldListWidget.java:436) ~[minecraft-project-@-merged-named.jar:?]
	at net.minecraft.client.gui.screen.world.WorldListWidget$WorldEntry.mouseClicked(WorldListWidget.java:367) ~[minecraft-project-@-merged-named.jar:?]
	at net.minecraft.client.gui.widget.EntryListWidget.mouseClicked(EntryListWidget.java:372) ~[minecraft-project-@-merged-named.jar:?]
	at net.minecraft.client.gui.ParentElement.mouseClicked(ParentElement.java:27) ~[minecraft-project-@-merged-named.jar:?]
	at net.minecraft.client.Mouse.method_1611(Mouse.java:94) ~[minecraft-project-@-merged-named.jar:?]
	at net.minecraft.client.gui.screen.Screen.wrapScreenError(Screen.java:489) ~[minecraft-project-@-merged-named.jar:?]
	at net.minecraft.client.Mouse.onMouseButton(Mouse.java:94) ~[minecraft-project-@-merged-named.jar:?]
	at net.minecraft.client.Mouse.method_22686(Mouse.java:165) ~[minecraft-project-@-merged-named.jar:?]
	at net.minecraft.util.thread.ThreadExecutor.execute(ThreadExecutor.java:103) ~[minecraft-project-@-merged-named.jar:?]
	at net.minecraft.client.Mouse.method_22684(Mouse.java:165) ~[minecraft-project-@-merged-named.jar:?]
	at org.lwjgl.glfw.GLFWMouseButtonCallbackI.callback(GLFWMouseButtonCallbackI.java:43) [lwjgl-glfw-3.3.1.jar:?]
	at org.lwjgl.system.JNI.invokeV(Native Method) ~[lwjgl-3.3.1.jar:?]
	at org.lwjgl.glfw.GLFW.glfwWaitEventsTimeout(GLFW.java:3474) [lwjgl-glfw-3.3.1.jar:?]
	at com.mojang.blaze3d.systems.RenderSystem.limitDisplayFPS(RenderSystem.java:222) [minecraft-project-@-merged-named.jar:?]
	at net.minecraft.client.MinecraftClient.render(MinecraftClient.java:1208) [minecraft-project-@-merged-named.jar:?]
	at net.minecraft.client.MinecraftClient.run(MinecraftClient.java:768) [minecraft-project-@-merged-named.jar:?]
	at net.minecraft.client.main.Main.main(Main.java:244) [minecraft-project-@-merged-named.jar:?]
	at net.minecraft.client.main.Main.main(Main.java:51) [minecraft-project-@-merged-named.jar:?]
	at net.fabricmc.loader.impl.game.minecraft.MinecraftGameProvider.launch(MinecraftGameProvider.java:461) [fabric-loader-0.14.9.jar:?]
	at net.fabricmc.loader.impl.launch.knot.Knot.launch(Knot.java:74) [fabric-loader-0.14.9.jar:?]
	at net.fabricmc.loader.impl.launch.knot.KnotClient.main(KnotClient.java:23) [fabric-loader-0.14.9.jar:?]
	at net.fabricmc.devlaunchinjector.Main.main(Main.java:86) [dev-launch-injector-0.2.1+build.8.jar:?]
[17:24:21] [Render thread/INFO] (Minecraft) Loaded 7 recipes
[17:24:21] [Render thread/INFO] (Minecraft) Loaded 1179 advancements
[17:24:22] [Worker-Main-23/ERROR] (Minecraft) Failed to retrieve profile key pair
java.io.IOException: Could not retrieve profile key pair
	at net.minecraft.client.util.ProfileKeys.fetchKeyPair(ProfileKeys.java:130) ~[minecraft-project-@-merged-named.jar:?]
	at net.minecraft.client.util.ProfileKeys.method_44291(ProfileKeys.java:69) ~[minecraft-project-@-merged-named.jar:?]
	at java.util.concurrent.CompletableFuture$AsyncSupply.run(Unknown Source) [?:?]
	at java.util.concurrent.CompletableFuture$AsyncSupply.exec(Unknown Source) [?:?]
	at java.util.concurrent.ForkJoinTask.doExec(Unknown Source) [?:?]
	at java.util.concurrent.ForkJoinPool$WorkQueue.topLevelExec(Unknown Source) [?:?]
	at java.util.concurrent.ForkJoinPool.scan(Unknown Source) [?:?]
	at java.util.concurrent.ForkJoinPool.runWorker(Unknown Source) [?:?]
	at java.util.concurrent.ForkJoinWorkerThread.run(Unknown Source) [?:?]
[17:24:22] [Render thread/INFO] (BiomeModificationImpl) Applied 0 biome modifications to 0 of 63 new biomes in 252.8 μs
[17:24:22] [Server thread/INFO] (Minecraft) Starting integrated minecraft server version 1.19.2
[17:24:22] [Server thread/INFO] (Minecraft) Generating keypair
[17:24:22] [Server thread/INFO] (Minecraft) Preparing start region for dimension minecraft:overworld
[17:24:23] [Render thread/INFO] (Minecraft) Preparing spawn area: 0%
[17:24:23] [Render thread/INFO] (Minecraft) Preparing spawn area: 0%
[17:24:23] [Render thread/INFO] (Minecraft) Preparing spawn area: 0%
[17:24:23] [Render thread/INFO] (Minecraft) Preparing spawn area: 0%
[17:24:24] [Render thread/INFO] (Minecraft) Preparing spawn area: 48%
[17:24:24] [Server thread/INFO] (Minecraft) Changing view distance to 12, from 10
[17:24:24] [Server thread/INFO] (Minecraft) Changing simulation distance to 12, from 0
[17:24:24] [Render thread/INFO] (Minecraft) Time elapsed: 2162 ms
[17:24:24] [Server thread/INFO] (Minecraft) Player255[local:E:44d50837] logged in with entity id 828 at (12.070423835085188, 129.0, 23.536716320397808)
[17:24:24] [Server thread/INFO] (Minecraft) Player255 joined the game
[17:24:24] [Render thread/INFO] (Minecraft) Loaded 51 advancements
[17:24:31] [Server thread/INFO] (Minecraft) Saving and pausing game...
[17:24:31] [Server thread/INFO] (Minecraft) Saving chunks for level 'ServerLevel[test world]'/minecraft:overworld
[17:24:31] [Server thread/INFO] (Minecraft) Saving chunks for level 'ServerLevel[test world]'/minecraft:the_end
[17:24:31] [Server thread/INFO] (Minecraft) Saving chunks for level 'ServerLevel[test world]'/minecraft:the_nether
[17:24:32] [Server thread/INFO] (Minecraft) Player255 lost connection: Disconnected
[17:24:32] [Server thread/INFO] (Minecraft) Player255 left the game
[17:24:32] [Server thread/INFO] (Minecraft) Stopping singleplayer server as player logged out
[17:24:32] [Server thread/INFO] (Minecraft) Stopping server
[17:24:32] [Server thread/INFO] (Minecraft) Saving players
[17:24:32] [Server thread/INFO] (Minecraft) Saving worlds
[17:24:33] [Server thread/INFO] (Minecraft) Saving chunks for level 'ServerLevel[test world]'/minecraft:overworld
[17:24:33] [Server thread/INFO] (Minecraft) Saving chunks for level 'ServerLevel[test world]'/minecraft:the_end
[17:24:33] [Server thread/INFO] (Minecraft) Saving chunks for level 'ServerLevel[test world]'/minecraft:the_nether
[17:24:33] [Server thread/INFO] (Minecraft) ThreadedAnvilChunkStorage (test world): All chunks are saved
[17:24:33] [Server thread/INFO] (Minecraft) ThreadedAnvilChunkStorage (DIM1): All chunks are saved
[17:24:33] [Server thread/INFO] (Minecraft) ThreadedAnvilChunkStorage (DIM-1): All chunks are saved
[17:24:33] [Server thread/INFO] (Minecraft) ThreadedAnvilChunkStorage: All dimensions are saved
[17:24:33] [Render thread/INFO] (testmod) testmod mixin started
[17:24:34] [Render thread/INFO] (fabric-screen-api-v1) Stopping!
